c:\cpp\othellotest0\othello\othello\debug\othello.pch
c:\cpp\othellotest0\othello\othello\debug\vc143.pdb
c:\cpp\othellotest0\othello\othello\debug\vc143.idb
c:\cpp\othellotest0\othello\othello\debug\stdafx.obj
c:\cpp\othellotest0\othello\othello\debug\tree.obj
c:\cpp\othellotest0\othello\othello\debug\othellodlg.obj
c:\cpp\othellotest0\othello\othello\debug\othello.obj
c:\cpp\othellotest0\othello\othello\debug\node.obj
c:\cpp\othellotest0\othello\othello\debug\board.obj
c:\cpp\othellotest0\othello\othello\debug\othello.ilk
c:\cpp\othellotest0\othello\debug\othello.exe
c:\cpp\othellotest0\othello\debug\othello.pdb
c:\cpp\othellotest0\othello\othello\debug\othello.res
c:\cpp\othellotest0\othello\othello\debug\othello.tlog\cl.command.1.tlog
c:\cpp\othellotest0\othello\othello\debug\othello.tlog\cl.read.1.tlog
c:\cpp\othellotest0\othello\othello\debug\othello.tlog\cl.write.1.tlog
c:\cpp\othellotest0\othello\othello\debug\othello.tlog\link.command.1.tlog
c:\cpp\othellotest0\othello\othello\debug\othello.tlog\link.read.1.tlog
c:\cpp\othellotest0\othello\othello\debug\othello.tlog\link.write.1.tlog
c:\cpp\othellotest0\othello\othello\debug\othello.tlog\rc.command.1.tlog
c:\cpp\othellotest0\othello\othello\debug\othello.tlog\rc.read.1.tlog
c:\cpp\othellotest0\othello\othello\debug\othello.tlog\rc.write.1.tlog
